[==========] Running 4 tests from 1 test suite.
[----------] Global test environment set-up.
[----------] 4 tests from JsonParser
[ RUN      ] JsonParser.istream
[       OK ] JsonParser.istream (3 ms)
[ RUN      ] JsonParser.string
[       OK ] JsonParser.string (9 ms)
[ RUN      ] JsonParser.filename
[       OK ] JsonParser.filename (4 ms)
[ RUN      ] JsonParser.errorfile
/home/bandubuntu/Documents/egyetem/mosze/git_egylet_sync/SZE-MOSZE-2020-Git-egylet/tests/unit_test.cpp:84: Failure
Expected equality of these values:
  whichis[entry.first]
    Which is: "300"
  entry.second
    Which is: "1w3"
[  FAILED  ] JsonParser.errorfile (4 ms)
[----------] 4 tests from JsonParser (20 ms total)

[----------] Global test environment tear-down
[==========] 4 tests from 1 test suite ran. (20 ms total)
[  PASSED  ] 3 tests.
[  FAILED  ] 1 test, listed below:
[  FAILED  ] JsonParser.errorfile

 1 FAILED TEST